<?xml version="1.0" encoding="UTF-8"?>
<!-- Generated by org.testng.reporters.JUnitReportReporter -->
<testsuite ignored="0" hostname="DESKTOP-AB819AE" failures="0" tests="3" name="pruebas.OrdendeCompra" time="10.981" errors="0" timestamp="31 dic 2025 04:19:10 GMT" skipped="0">
  <testcase classname="pruebas.OrdendeCompra" name="loginTest" time="3.635"/>
  <testcase classname="pruebas.OrdendeCompra" name="loginTest" time="4.397"/>
  <testcase classname="pruebas.OrdendeCompra" name="loginTest" time="2.949"/>
</testsuite> <!-- pruebas.OrdendeCompra -->
