<?xml version="1.0" encoding="UTF-8"?>
<!-- Generated by org.testng.reporters.JUnitReportReporter -->
<testsuite ignored="0" hostname="DESKTOP-AB819AE" failures="0" tests="3" name="pruebas.PracticaM5" time="33.203" errors="0" timestamp="31 dic 2025 02:32:29 GMT" skipped="0">
  <testcase classname="pruebas.PracticaM5" name="loginTest" time="8.997"/>
  <testcase classname="pruebas.PracticaM5" name="loginTest" time="9.307"/>
  <testcase classname="pruebas.PracticaM5" name="loginTest" time="14.899"/>
</testsuite> <!-- pruebas.PracticaM5 -->
