<?xml version="1.0" encoding="UTF-8"?>
<!-- Generated by org.testng.reporters.JUnitReportReporter -->
<testsuite ignored="0" hostname="DESKTOP-UF8DG65" failures="0" tests="2" name="educacionit.educait_aut_81534.Annotations" time="0.022" errors="0" timestamp="05 dic. 2025 19:22:18 GMT" skipped="0">
  <testcase classname="educacionit.educait_aut_81534.Annotations" name="testCase2" time="0.006"/>
  <testcase classname="educacionit.educait_aut_81534.Annotations" name="testCase1" time="0.016"/>
</testsuite> <!-- educacionit.educait_aut_81534.Annotations -->
