<?xml version="1.0" encoding="UTF-8"?>
<!-- Generated by org.testng.reporters.JUnitReportReporter -->
<testsuite ignored="0" hostname="DESKTOP-AB819AE" failures="0" tests="2" name="pruebas.CrossBrowserTest" time="70.699" errors="0" timestamp="19 dic 2025 17:53:36 GMT" skipped="0">
  <testcase classname="pruebas.CrossBrowserTest" name="buscarPalabra" time="31.837"/>
  <testcase classname="pruebas.CrossBrowserTest" name="buscarPalabra" time="38.862"/>
</testsuite> <!-- pruebas.CrossBrowserTest -->
